生成启动时间为 2018/9/12 12:26:11。
     1>项目“E:\CPlusTest\dataStructure\testLinerList\testLinerList.vcxproj”在节点 2 上(Build 个目标)。
     1>ClCompile:
         D:\Program Files (x86)\Microsoft Visual Studio 12.0\VC\bin\CL.exe /c /I. /ID:\Qt\Qt5.6.032\5.6\msvc2013\include /ID:\Qt\Qt5.6.032\5.6\msvc2013\include\QtCore /Idebug /I"D:\Qt\Qt5.6.032\5.6\msvc2013\mkspecs\win32-msvc2013" /Zi /nologo /W3 /WX- /Od /Oy- /D _CONSOLE /D UNICODE /D WIN32 /D QT_DEPRECATED_WARNINGS /D QT_CORE_LIB /Gm- /EHsc /MDd /GS /fp:precise /Zc:wchar_t /Zc:forScope /GR /Fo"Win32\Debug\\" /Fd"Win32\Debug\vc120.pdb" /Gd /TP /analyze- /errorReport:prompt -w34100 -w34189 -w44996 arraylist.cpp linerlist.cpp main.cpp
         arraylist.cpp
         linerlist.cpp
         main.cpp
         正在生成代码...
       Link:
         D:\Program Files (x86)\Microsoft Visual Studio 12.0\VC\bin\link.exe /ERRORREPORT:PROMPT /OUT:"debug\\testLinerList.exe" /NOLOGO /LIBPATH:D:\Qt\Qt5.6.032\5.6\msvc2013\lib /LIBPATH:D:\Qt\Qt5.6.032\5.6\msvc2013\lib D:\Qt\Qt5.6.032\5.6\msvc2013\lib\Qt5Cored.lib gdal_i.lib opencv_ml249d.lib opencv_calib3d249d.lib opencv_contrib249d.lib opencv_core249d.lib opencv_features2d249d.lib opencv_flann249d.lib opencv_gpu249d.lib opencv_highgui249d.lib opencv_imgproc249d.lib opencv_legacy249d.lib opencv_objdetect249d.lib opencv_ts249d.lib opencv_video249d.lib opencv_nonfree249d.lib opencv_ocl249d.lib opencv_photo249d.lib opencv_stitching249d.lib opencv_superres249d.lib opencv_videostab249d.lib opencv_objdetect249.lib opencv_ts249.lib opencv_video249.lib opencv_nonfree249.lib opencv_ocl249.lib opencv_photo249.lib opencv_stitching249.lib opencv_superres249.lib opencv_videostab249.lib opencv_calib3d249.lib opencv_contrib249.lib opencv_core249.lib opencv_features2d249.lib opencv_flann249.lib opencv_gpu249.lib opencv_highgui249.lib opencv_imgproc249.lib opencv_legacy249.lib opencv_ml249.lib kernel32.lib user32.lib gdi32.lib winspool.lib comdlg32.lib advapi32.lib shell32.lib ole32.lib oleaut32.lib uuid.lib odbc32.lib odbccp32.lib /MANIFEST /MANIFESTUAC:"level='asInvoker' uiAccess='false'" /manifest:embed /DEBUG /PDB:"debug\testLinerList.pdb" /SUBSYSTEM:CONSOLE /TLBID:1 /DYNAMICBASE /NXCOMPAT /MACHINE:X86 /SAFESEH "/MANIFESTDEPENDENCY:type='win32' name='Microsoft.Windows.Common-Controls' version='6.0.0.0' publicKeyToken='6595b64144ccf1df' language='*' processorArchitecture='*'" Win32\Debug\arraylist.obj
         Win32\Debug\linerlist.obj
         Win32\Debug\main.obj
     1>main.obj : error LNK2019: 无法解析的外部符号 "public: __thiscall arrayList<double>::arrayList<double>(int)" (??0?$arrayList@N@@QAE@H@Z)，该符号在函数 _main 中被引用
     1>main.obj : error LNK2001: 无法解析的外部符号 "public: virtual double & __thiscall arrayList<double>::get(int)const " (?get@?$arrayList@N@@UBEAANH@Z)
     1>main.obj : error LNK2001: 无法解析的外部符号 "public: virtual int __thiscall arrayList<double>::indexof(double const &)const " (?indexof@?$arrayList@N@@UBEHABN@Z)
     1>main.obj : error LNK2001: 无法解析的外部符号 "public: virtual void __thiscall arrayList<double>::erase(int)" (?erase@?$arrayList@N@@UAEXH@Z)
     1>main.obj : error LNK2001: 无法解析的外部符号 "public: virtual void __thiscall arrayList<double>::insert(int,double const &)" (?insert@?$arrayList@N@@UAEXHABN@Z)
     1>main.obj : error LNK2001: 无法解析的外部符号 "public: virtual void __thiscall arrayList<double>::output(class std::basic_ostream<char,struct std::char_traits<char> > &)const " (?output@?$arrayList@N@@UBEXAAV?$basic_ostream@DU?$char_traits@D@std@@@std@@@Z)
     1>debug\\testLinerList.exe : fatal error LNK1120: 6 个无法解析的外部命令
     1>已完成生成项目“E:\CPlusTest\dataStructure\testLinerList\testLinerList.vcxproj”(Build 个目标)的操作 - 失败。

生成失败。

已用时间 00:00:07.43
